# Includes

Include <optional> for \bstd::nullopt\b:
./include/dlaf/common/pipeline.h:49:      : pipeline(std::exchange(other.pipeline, std::nullopt)),
./include/dlaf/util_matrix.h:343:                              std::optional<SizeType> band_size = std::nullopt) {
Include <type_traits> for \bstd::is_floating_point\b:
./include/dlaf/types.h:145:struct IsFloatingPointOrComplex : std::is_floating_point<T> {};
Include <exception> for \bstd::terminate\b:
./include/dlaf/memory/memory_chunk.h:73:      std::terminate();
./src/c_api/utils.cpp:63:    std::terminate();
Include <tuple> for \bstd::(forward_as_|make_|)tuple\b:
./include/dlaf/eigensolver/tridiag_solver/impl.h:48:    std::vector<std::tuple<SizeType, SizeType, SizeType>>& indices) {
./include/dlaf/permutations/general/impl.h:161:      return std::tuple(std::move(splits), std::move(index_tile_futs), std::move(mat_in_tiles),
./src/c_api/utils.cpp:32:std::tuple<dlaf::matrix::Distribution, dlaf::matrix::LayoutInfo> distribution_and_layout(
./src/c_api/utils.h:15:std::tuple<dlaf::matrix::Distribution, dlaf::matrix::LayoutInfo> distribution_and_layout(
./test/unit/eigensolver/test_tridiag_solver_distributed.cpp:51:const std::vector<std::tuple<SizeType, SizeType>> tested_problems = {
./test/unit/eigensolver/test_tridiag_solver_local.cpp:43:  std::vector<std::tuple<SizeType, SizeType, SizeType>> expected_indices{{0, 1, 2},  {0, 2, 3},
./test/unit/lapack/gpu/test_lacpy.cpp:34:std::vector<std::tuple<SizeType, SizeType, SizeType, SizeType>> configs{
./test/unit/matrix/test_distribution.cpp:193:std::tuple<SizeType, SizeType, SizeType> test_tile_size(const ParametersConstructor& test) {
./test/unit/matrix/test_layout_info.cpp:22:const std::vector<std::tuple<LocalElementSize, TileElementSize, SizeType, SizeType, SizeType, SizeType>>
./test/unit/matrix/test_matrix.cpp:744:        return std::tuple(std::move(rosenders2a), std::move(rosenders2b), std::move(senders3));
./test/unit/matrix/test_matrix_hdf5.cpp:77:    return std::make_tuple(std::move(matrix), std::move(original_values));
./test/unit/matrix/test_retiled_matrix.cpp:49:const std::vector<std::tuple<LocalElementSize, TileElementSize, LocalTileSize>> local_sizes_tests({
./test/unit/matrix/test_tile.cpp:47:using TileSizes = std::tuple<TileElementSize, SizeType>;
./test/unit/multiplication/test_multiplication_general.cpp:294:const std::vector<std::tuple<SizeType, SizeType, SizeType, SizeType>> sizes = {
./test/unit/permutations/test_permutations_distributed.cpp:51:using testcase_t = std::tuple<SizeType, SizeType, SizeType, SizeType, std::vector<SizeType>>;
./test/unit/permutations/test_permutations_local.cpp:90:const std::vector<std::tuple<SizeType, SizeType, SizeType, SizeType>> sizes = {
./test/unit/test_blas_tile.cpp:49:std::vector<std::tuple<SizeType, SizeType, SizeType, SizeType, SizeType, SizeType>> gemm_sizes = {
./test/unit/test_blas_tile_extensions.cpp:39:std::vector<std::tuple<SizeType, SizeType, SizeType>> scal_sizes = {
./test/unit/test_lapack_tile.cpp:56:std::vector<std::tuple<SizeType, SizeType, SizeType>> hegst_sizes = {
Include <iostream> for \bstd::(cin|cout|cerr|clog)\b:
./include/dlaf/matrix/print_csv.h:36:void print(format::csv, const Tile<const T, Device::CPU>& tile, std::ostream& os = std::cout) {
./include/dlaf/matrix/print_numpy.h:69:void print(format::numpy, const Tile<const T, Device::CPU>& tile, std::ostream& os = std::cout) {
./include/dlaf/memory/memory_chunk.h:71:      std::cout
./miniapp/kernel/miniapp_laset.cpp:108:      std::cout << "[" << run_index << "]"
./src/c_api/grid.cpp:63:    std::cerr << "Grid layout must be row major or column major." << std::endl;
./test/include/dlaf_test/matrix/util_matrix_local.h:141:           std::ostream& os = std::cout) {
./test/unit/common/test_data_descriptor.cpp:81:      std::cout << "Unknown memory type" << std::endl;
Include <atomic> for \bstd::atomic\b:
./test/include/dlaf_test/matrix/util_tile.h:49:      : ready(std::make_shared<std::atomic<bool>>(false)),


Found 32 violation(s)